\BOOKMARK [1][-]{section.1}{\376\377\000I\000n\000t\000r\000o\000d\000u\000c\000t\000i\000o\000n}{}% 1
\BOOKMARK [2][-]{subsection.1.1}{\376\377\000P\000r\000o\000j\000e\000c\000t\000\040\000p\000r\000e\000s\000e\000n\000t\000a\000t\000i\000o\000n}{section.1}% 2
\BOOKMARK [2][-]{subsection.1.2}{\376\377\000T\000e\000a\000m\000\040\000m\000e\000m\000b\000e\000r\000s}{section.1}% 3
\BOOKMARK [3][-]{subsubsection.1.2.1}{\376\377\000M\000a\000x\000i\000m\000e\000\040\000E\000l\000l\000e\000r\000b\000a\000c\000h}{subsection.1.2}% 4
\BOOKMARK [3][-]{subsubsection.1.2.2}{\376\377\000M\000i\000c\000k\000a\000e\000l\000\040\000B\000o\000b\000o\000v\000t\000i\000c\000h}{subsection.1.2}% 5
\BOOKMARK [3][-]{subsubsection.1.2.3}{\376\377\000M\000a\000x\000i\000m\000e\000\040\000G\000a\000y}{subsection.1.2}% 6
\BOOKMARK [3][-]{subsubsection.1.2.4}{\376\377\000A\000l\000e\000x\000a\000n\000d\000r\000e\000\040\000G\000i\000r\000o\000l\000d}{subsection.1.2}% 7
\BOOKMARK [2][-]{subsection.1.3}{\376\377\000S\000t\000a\000t\000e\000\040\000o\000f\000\040\000t\000h\000e\000\040\000a\000r\000t}{section.1}% 8
\BOOKMARK [1][-]{section.2}{\376\377\000O\000b\000j\000e\000c\000t\000i\000v\000e\000s}{}% 9
\BOOKMARK [2][-]{subsection.2.1}{\376\377\000F\000i\000n\000a\000l\000\040\000o\000b\000j\000e\000c\000t\000i\000v\000e\000s}{section.2}% 10
\BOOKMARK [2][-]{subsection.2.2}{\376\377\000O\000p\000t\000i\000o\000n\000a\000l\000\040\000o\000b\000j\000e\000c\000t\000i\000v\000e\000s}{section.2}% 11
\BOOKMARK [2][-]{subsection.2.3}{\376\377\000M\000o\000t\000i\000v\000a\000t\000i\000o\000n\000s}{section.2}% 12
\BOOKMARK [1][-]{section.3}{\376\377\000T\000e\000c\000h\000n\000i\000c\000a\000l\000\040\000s\000p\000e\000c\000i\000f\000i\000c\000a\000t\000i\000o\000n\000s}{}% 13
\BOOKMARK [2][-]{subsection.3.1}{\376\377\000H\000a\000r\000d\000w\000a\000r\000e}{section.3}% 14
\BOOKMARK [2][-]{subsection.3.2}{\376\377\000S\000o\000f\000t\000w\000a\000r\000e}{section.3}% 15
\BOOKMARK [2][-]{subsection.3.3}{\376\377\000C\000o\000n\000s\000t\000r\000a\000i\000n\000t\000s}{section.3}% 16
\BOOKMARK [1][-]{section.4}{\376\377\000P\000l\000a\000n\000n\000i\000n\000g}{}% 17
\BOOKMARK [2][-]{subsection.4.1}{\376\377\000R\000a\000c\000e\000s}{section.4}% 18
\BOOKMARK [2][-]{subsection.4.2}{\376\377\000P\000r\000e\000s\000e\000n\000t\000a\000t\000i\000o\000n\000s}{section.4}% 19
\BOOKMARK [1][-]{section.5}{\376\377\000T\000a\000s\000k\000\040\000a\000l\000l\000o\000c\000a\000t\000i\000o\000n}{}% 20
\BOOKMARK [1][-]{section.6}{\376\377\000C\000o\000n\000c\000l\000u\000s\000i\000o\000n}{}% 21
