\BOOKMARK [1][-]{section.1}{\376\377\000I\000n\000t\000r\000o\000d\000u\000c\000t\000i\000o\000n}{}% 1
\BOOKMARK [2][-]{subsection.1.1}{\376\377\000P\000r\000o\000j\000e\000c\000t\000\040\000p\000r\000e\000s\000e\000n\000t\000a\000t\000i\000o\000n}{section.1}% 2
\BOOKMARK [2][-]{subsection.1.2}{\376\377\000T\000e\000a\000m\000\040\000m\000e\000m\000b\000e\000r\000s}{section.1}% 3
\BOOKMARK [3][-]{subsubsection.1.2.1}{\376\377\000M\000a\000x\000i\000m\000e\000\040\000E\000l\000l\000e\000r\000b\000a\000c\000h}{subsection.1.2}% 4
\BOOKMARK [3][-]{subsubsection.1.2.2}{\376\377\000M\000i\000c\000k\000a\000e\000l\000\040\000B\000o\000b\000o\000v\000t\000i\000c\000h}{subsection.1.2}% 5
\BOOKMARK [3][-]{subsubsection.1.2.3}{\376\377\000M\000a\000x\000i\000m\000e\000\040\000G\000a\000y}{subsection.1.2}% 6
\BOOKMARK [3][-]{subsubsection.1.2.4}{\376\377\000A\000l\000e\000x\000a\000n\000d\000r\000e\000\040\000G\000i\000r\000o\000l\000d}{subsection.1.2}% 7
\BOOKMARK [2][-]{subsection.1.3}{\376\377\000S\000t\000a\000t\000e\000\040\000o\000f\000\040\000t\000h\000e\000\040\000a\000r\000t}{section.1}% 8
\BOOKMARK [1][-]{section.2}{\376\377\000R\000e\000a\000l\000i\000z\000e\000d\000\040\000t\000a\000s\000k\000s}{}% 9
\BOOKMARK [2][-]{subsection.2.1}{\376\377\000L\000o\000a\000d\000\040\000a\000n\000d\000\040\000s\000a\000v\000e\000\040\000d\000a\000t\000a}{section.2}% 10
\BOOKMARK [2][-]{subsection.2.2}{\376\377\000D\000a\000t\000a\000\040\000s\000e\000t}{section.2}% 11
\BOOKMARK [2][-]{subsection.2.3}{\376\377\000C\000r\000e\000a\000t\000i\000o\000n\000\040\000o\000f\000\040\000t\000h\000e\000\040\000l\000o\000g\000o}{section.2}% 12
\BOOKMARK [2][-]{subsection.2.4}{\376\377\000R\000e\000a\000l\000i\000z\000a\000t\000i\000o\000n\000\040\000o\000f\000\040\000t\000-\000s\000h\000i\000r\000t}{section.2}% 13
\BOOKMARK [2][-]{subsection.2.5}{\376\377\000A\000r\000d\000u\000i\000n\000o}{section.2}% 14
\BOOKMARK [2][-]{subsection.2.6}{\376\377\000C\000a\000r\000\040\000c\000o\000n\000t\000r\000o\000l}{section.2}% 15
\BOOKMARK [2][-]{subsection.2.7}{\376\377\000D\000a\000t\000a\000\040\000v\000i\000s}{section.2}% 16
\BOOKMARK [2][-]{subsection.2.8}{\376\377\000C\000a\000m\000e\000r\000a}{section.2}% 17
\BOOKMARK [2][-]{subsection.2.9}{\376\377\000W\000e\000b\000s\000i\000t\000e}{section.2}% 18
\BOOKMARK [2][-]{subsection.2.10}{\376\377\000B\000a\000s\000i\000c\000\040\000c\000a\000r\000\040\000l\000o\000o\000p}{section.2}% 19
\BOOKMARK [1][-]{section.3}{\376\377\000P\000l\000a\000n\000n\000i\000n\000g}{}% 20
\BOOKMARK [2][-]{subsection.3.1}{\376\377\000R\000a\000c\000e\000s}{section.3}% 21
\BOOKMARK [2][-]{subsection.3.2}{\376\377\000P\000r\000e\000s\000e\000n\000t\000a\000t\000i\000o\000n\000s}{section.3}% 22
\BOOKMARK [1][-]{section.4}{\376\377\000T\000a\000s\000k\000\040\000a\000l\000l\000o\000c\000a\000t\000i\000o\000n}{}% 23
\BOOKMARK [1][-]{section.5}{\376\377\000C\000o\000n\000c\000l\000u\000s\000i\000o\000n}{}% 24
